Mar 02, 2026 12:13:20 PM util.AppLogger logInfo
INFO: Initial data import completed. Loaded 350 students.
Mar 02, 2026 12:15:02 PM util.AppLogger logInfo
INFO: Initial data import completed. Loaded 350 students.
Mar 02, 2026 12:23:32 PM util.AppLogger logInfo
INFO: Initial data import completed. Loaded 350 students.
Mar 02, 2026 12:33:47 PM util.AppLogger logInfo
INFO: Database has been reset (erased).
Mar 02, 2026 12:33:51 PM util.AppLogger logInfo
INFO: Initial data import completed. Loaded 350 students.
Mar 02, 2026 12:34:49 PM util.AppLogger logInfo
INFO: Database has been reset (erased).
Mar 02, 2026 12:34:53 PM util.AppLogger logInfo
INFO: Initial data import completed. Loaded 350 students.
Mar 02, 2026 12:35:38 PM util.AppLogger logInfo
INFO: Database has been reset (erased).
Mar 02, 2026 12:35:43 PM util.AppLogger logInfo
INFO: Initial data import completed. Loaded 350 students.
Mar 02, 2026 12:46:34 PM util.AppLogger logInfo
INFO: Database has been reset (erased).
Mar 02, 2026 12:46:39 PM util.AppLogger logInfo
INFO: Initial data import completed. Loaded 350 students.
Mar 02, 2026 12:46:56 PM util.AppLogger logInfo
INFO: Database has been reset (erased).
Mar 02, 2026 12:47:00 PM util.AppLogger logInfo
INFO: Initial data import completed. Loaded 350 students.
Mar 02, 2026 12:50:12 PM util.AppLogger logInfo
INFO: Initial data import completed. Loaded 350 students.
Mar 02, 2026 12:55:02 PM util.AppLogger logInfo
INFO: Initial data import completed. Loaded 350 students.
Mar 02, 2026 1:01:21 PM util.AppLogger logInfo
INFO: Initial data import completed. Loaded 350 students.
Mar 02, 2026 1:07:23 PM util.AppLogger logInfo
INFO: Initial data import completed. Loaded 350 students.
Mar 02, 2026 1:12:37 PM util.AppLogger logInfo
INFO: Initial data import process completed.
Mar 02, 2026 1:23:33 PM util.AppLogger logInfo
INFO: Initial data import process completed.
Mar 02, 2026 1:39:21 PM util.AppLogger logInfo
INFO: Initial data import process completed.
Mar 02, 2026 1:51:20 PM util.AppLogger logInfo
INFO: Initial data import process completed.
Mar 02, 2026 1:54:38 PM util.AppLogger logInfo
INFO: Initial data import process completed.
Mar 02, 2026 2:00:20 PM util.AppLogger logInfo
INFO: Initial data import process completed.
Mar 02, 2026 2:05:54 PM util.AppLogger logInfo
INFO: Initial data import process completed.
Mar 02, 2026 2:10:20 PM util.AppLogger logInfo
INFO: Initial data import process completed.
Mar 02, 2026 2:17:38 PM util.AppLogger logInfo
INFO: Initial data import process completed.
Mar 02, 2026 2:25:30 PM util.AppLogger logInfo
INFO: Initial data import process completed.
Mar 02, 2026 2:28:18 PM util.AppLogger logInfo
INFO: Added student: 012294
Mar 02, 2026 2:33:02 PM util.AppLogger logInfo
INFO: Initial data import process completed.
Mar 02, 2026 2:34:26 PM util.AppLogger logInfo
INFO: Added student: 01228345
Mar 02, 2026 2:39:59 PM util.AppLogger logInfo
INFO: Initial data import process completed.
Mar 02, 2026 2:41:23 PM util.AppLogger logInfo
INFO: Added student: 01228953
Mar 02, 2026 2:52:10 PM util.AppLogger logInfo
INFO: Initial data import process completed.
Mar 02, 2026 2:53:36 PM util.AppLogger logInfo
INFO: Added student: 4323
Mar 02, 2026 2:58:33 PM util.AppLogger logInfo
INFO: Initial data import process completed.
Mar 02, 2026 2:59:43 PM util.AppLogger logInfo
INFO: Deleted student: 1
Mar 02, 2026 3:12:59 PM util.AppLogger logInfo
INFO: Added student: S457
Mar 02, 2026 3:22:22 PM util.AppLogger logInfo
INFO: Updated student: S457
Mar 02, 2026 3:42:10 PM util.AppLogger logInfo
INFO: Added student: 1333434
